{"C:\\bb\\cov\\server.js":{"path":"C:\\bb\\cov\\server.js","s":{"1":1,"2":1,"3":1,"4":1,"5":1,"6":1,"7":1,"8":1,"9":1,"10":1,"11":1,"12":1,"13":1,"14":0,"15":1,"16":1,"17":1,"18":1,"19":1,"20":1,"21":1,"22":1,"23":1,"24":1,"25":1,"26":1,"27":1,"28":1},"b":{"1":[1,1]},"f":{"1":0},"fnMap":{"1":{"name":"(anonymous_1)","line":24,"loc":{"start":{"line":24,"column":13},"end":{"line":24,"column":33}}}},"statementMap":{"1":{"start":{"line":5,"column":0},"end":{"line":5,"column":35}},"2":{"start":{"line":6,"column":0},"end":{"line":6,"column":42}},"3":{"start":{"line":7,"column":0},"end":{"line":7,"column":33}},"4":{"start":{"line":8,"column":0},"end":{"line":8,"column":37}},"5":{"start":{"line":9,"column":0},"end":{"line":9,"column":43}},"6":{"start":{"line":10,"column":0},"end":{"line":10,"column":35}},"7":{"start":{"line":12,"column":0},"end":{"line":12,"column":16}},"8":{"start":{"line":14,"column":0},"end":{"line":14,"column":38}},"9":{"start":{"line":17,"column":0},"end":{"line":17,"column":22}},"10":{"start":{"line":18,"column":0},"end":{"line":18,"column":24}},"11":{"start":{"line":19,"column":0},"end":{"line":19,"column":27}},"12":{"start":{"line":21,"column":0},"end":{"line":21,"column":27}},"13":{"start":{"line":24,"column":0},"end":{"line":26,"column":3}},"14":{"start":{"line":25,"column":2},"end":{"line":25,"column":21}},"15":{"start":{"line":29,"column":0},"end":{"line":29,"column":64}},"16":{"start":{"line":30,"column":0},"end":{"line":30,"column":60}},"17":{"start":{"line":31,"column":0},"end":{"line":31,"column":67}},"18":{"start":{"line":32,"column":0},"end":{"line":32,"column":83}},"19":{"start":{"line":33,"column":0},"end":{"line":33,"column":77}},"20":{"start":{"line":34,"column":0},"end":{"line":34,"column":85}},"21":{"start":{"line":35,"column":0},"end":{"line":35,"column":75}},"22":{"start":{"line":36,"column":0},"end":{"line":36,"column":45}},"23":{"start":{"line":38,"column":0},"end":{"line":38,"column":57}},"24":{"start":{"line":39,"column":0},"end":{"line":39,"column":67}},"25":{"start":{"line":40,"column":0},"end":{"line":40,"column":55}},"26":{"start":{"line":43,"column":0},"end":{"line":43,"column":17}},"27":{"start":{"line":44,"column":0},"end":{"line":44,"column":33}},"28":{"start":{"line":46,"column":0},"end":{"line":48,"column":2}}},"branchMap":{"1":{"line":14,"type":"binary-expr","locations":[{"start":{"line":14,"column":13},"end":{"line":14,"column":29}},{"start":{"line":14,"column":33},"end":{"line":14,"column":37}}]}}},"C:\\bb\\cov\\src\\query.js":{"path":"C:\\bb\\cov\\src\\query.js","s":{"1":1,"2":1,"3":1,"4":1,"5":1,"6":1,"7":0,"8":0,"9":0,"10":0,"11":1},"b":{},"f":{},"fnMap":{},"statementMap":{"1":{"start":{"line":2,"column":0},"end":{"line":2,"column":31}},"2":{"start":{"line":3,"column":0},"end":{"line":3,"column":33}},"3":{"start":{"line":5,"column":0},"end":{"line":5,"column":16}},"4":{"start":{"line":7,"column":0},"end":{"line":10,"column":3}},"5":{"start":{"line":12,"column":0},"end":{"line":12,"column":15}},"6":{"start":{"line":14,"column":0},"end":{"line":24,"column":2}},"7":{"start":{"line":15,"column":2},"end":{"line":23,"column":5}},"8":{"start":{"line":16,"column":4},"end":{"line":22,"column":9}},"9":{"start":{"line":18,"column":8},"end":{"line":18,"column":21}},"10":{"start":{"line":21,"column":8},"end":{"line":21,"column":20}},"11":{"start":{"line":26,"column":0},"end":{"line":29,"column":2}}},"branchMap":{}},"C:\\bb\\cov\\src\\helper.js":{"path":"C:\\bb\\cov\\src\\helper.js","s":{"1":1,"2":1,"3":1,"4":0,"5":1,"6":0,"7":1,"8":0,"9":1,"10":0,"11":0,"12":1},"b":{},"f":{},"fnMap":{},"statementMap":{"1":{"start":{"line":3,"column":0},"end":{"line":3,"column":33}},"2":{"start":{"line":4,"column":0},"end":{"line":4,"column":36}},"3":{"start":{"line":6,"column":0},"end":{"line":8,"column":2}},"4":{"start":{"line":7,"column":2},"end":{"line":7,"column":58}},"5":{"start":{"line":10,"column":0},"end":{"line":12,"column":2}},"6":{"start":{"line":11,"column":2},"end":{"line":11,"column":52}},"7":{"start":{"line":14,"column":0},"end":{"line":16,"column":2}},"8":{"start":{"line":15,"column":2},"end":{"line":15,"column":36}},"9":{"start":{"line":18,"column":0},"end":{"line":24,"column":2}},"10":{"start":{"line":19,"column":2},"end":{"line":22,"column":43}},"11":{"start":{"line":23,"column":2},"end":{"line":23,"column":15}},"12":{"start":{"line":26,"column":0},"end":{"line":31,"column":2}}},"branchMap":{}}}