{"C:\\bb\\cov\\server.js":{"path":"C:\\bb\\cov\\server.js","s":{"1":1,"2":1,"3":1,"4":1,"5":1,"6":1,"7":1,"8":1,"9":1,"10":1,"11":0,"12":0,"13":1,"14":1,"15":0,"16":0,"17":0,"18":1,"19":1,"20":1,"21":1,"22":1,"23":1,"24":1,"25":1,"26":1,"27":1,"28":0,"29":0,"30":0,"31":0,"32":0,"33":0,"34":1,"35":0,"36":1,"37":1,"38":1,"39":1,"40":1,"41":1,"42":1,"43":1,"44":1,"45":1,"46":1,"47":1,"48":1,"49":1,"50":1,"51":1,"52":0,"53":0,"54":1,"55":1,"56":1},"b":{"1":[0,0],"2":[1,1],"3":[0,0]},"f":{"1":0,"2":0,"3":0,"4":0},"fnMap":{"1":{"name":"(anonymous_1)","line":19,"loc":{"start":{"line":19,"column":15},"end":{"line":19,"column":40}}},"2":{"name":"(anonymous_2)","line":22,"loc":{"start":{"line":22,"column":12},"end":{"line":22,"column":37}}},"3":{"name":"(anonymous_3)","line":68,"loc":{"start":{"line":68,"column":13},"end":{"line":68,"column":33}}},"4":{"name":"(anonymous_4)","line":90,"loc":{"start":{"line":90,"column":44},"end":{"line":90,"column":62}}}},"statementMap":{"1":{"start":{"line":7,"column":0},"end":{"line":7,"column":35}},"2":{"start":{"line":8,"column":0},"end":{"line":8,"column":42}},"3":{"start":{"line":9,"column":0},"end":{"line":9,"column":33}},"4":{"start":{"line":10,"column":0},"end":{"line":10,"column":33}},"5":{"start":{"line":11,"column":0},"end":{"line":11,"column":41}},"6":{"start":{"line":12,"column":0},"end":{"line":12,"column":37}},"7":{"start":{"line":13,"column":0},"end":{"line":13,"column":43}},"8":{"start":{"line":14,"column":0},"end":{"line":14,"column":35}},"9":{"start":{"line":15,"column":0},"end":{"line":15,"column":35}},"10":{"start":{"line":18,"column":0},"end":{"line":25,"column":3}},"11":{"start":{"line":20,"column":4},"end":{"line":20,"column":22}},"12":{"start":{"line":23,"column":4},"end":{"line":23,"column":32}},"13":{"start":{"line":27,"column":0},"end":{"line":31,"column":3}},"14":{"start":{"line":32,"column":0},"end":{"line":38,"column":2}},"15":{"start":{"line":33,"column":2},"end":{"line":37,"column":3}},"16":{"start":{"line":34,"column":4},"end":{"line":34,"column":19}},"17":{"start":{"line":36,"column":4},"end":{"line":36,"column":45}},"18":{"start":{"line":39,"column":0},"end":{"line":42,"column":3}},"19":{"start":{"line":45,"column":0},"end":{"line":45,"column":16}},"20":{"start":{"line":47,"column":0},"end":{"line":47,"column":38}},"21":{"start":{"line":50,"column":0},"end":{"line":50,"column":22}},"22":{"start":{"line":51,"column":0},"end":{"line":51,"column":24}},"23":{"start":{"line":52,"column":0},"end":{"line":52,"column":27}},"24":{"start":{"line":53,"column":0},"end":{"line":53,"column":51}},"25":{"start":{"line":54,"column":0},"end":{"line":54,"column":27}},"26":{"start":{"line":55,"column":0},"end":{"line":55,"column":55}},"27":{"start":{"line":58,"column":0},"end":{"line":66,"column":3}},"28":{"start":{"line":59,"column":2},"end":{"line":59,"column":49}},"29":{"start":{"line":60,"column":2},"end":{"line":60,"column":50}},"30":{"start":{"line":61,"column":2},"end":{"line":64,"column":3}},"31":{"start":{"line":62,"column":4},"end":{"line":62,"column":74}},"32":{"start":{"line":63,"column":4},"end":{"line":63,"column":36}},"33":{"start":{"line":65,"column":2},"end":{"line":65,"column":9}},"34":{"start":{"line":68,"column":0},"end":{"line":70,"column":3}},"35":{"start":{"line":69,"column":2},"end":{"line":69,"column":23}},"36":{"start":{"line":73,"column":0},"end":{"line":73,"column":64}},"37":{"start":{"line":74,"column":0},"end":{"line":74,"column":60}},"38":{"start":{"line":75,"column":0},"end":{"line":75,"column":67}},"39":{"start":{"line":76,"column":0},"end":{"line":76,"column":83}},"40":{"start":{"line":77,"column":0},"end":{"line":77,"column":77}},"41":{"start":{"line":78,"column":0},"end":{"line":78,"column":85}},"42":{"start":{"line":79,"column":0},"end":{"line":79,"column":75}},"43":{"start":{"line":80,"column":0},"end":{"line":80,"column":45}},"44":{"start":{"line":82,"column":0},"end":{"line":82,"column":57}},"45":{"start":{"line":83,"column":0},"end":{"line":83,"column":67}},"46":{"start":{"line":84,"column":0},"end":{"line":84,"column":73}},"47":{"start":{"line":85,"column":0},"end":{"line":85,"column":55}},"48":{"start":{"line":86,"column":0},"end":{"line":86,"column":59}},"49":{"start":{"line":87,"column":0},"end":{"line":87,"column":65}},"50":{"start":{"line":88,"column":0},"end":{"line":88,"column":75}},"51":{"start":{"line":89,"column":0},"end":{"line":94,"column":3}},"52":{"start":{"line":90,"column":2},"end":{"line":93,"column":5}},"53":{"start":{"line":92,"column":4},"end":{"line":92,"column":48}},"54":{"start":{"line":97,"column":0},"end":{"line":97,"column":17}},"55":{"start":{"line":98,"column":0},"end":{"line":98,"column":33}},"56":{"start":{"line":100,"column":0},"end":{"line":102,"column":2}}},"branchMap":{"1":{"line":33,"type":"if","locations":[{"start":{"line":33,"column":2},"end":{"line":33,"column":2}},{"start":{"line":33,"column":2},"end":{"line":33,"column":2}}]},"2":{"line":47,"type":"binary-expr","locations":[{"start":{"line":47,"column":13},"end":{"line":47,"column":29}},{"start":{"line":47,"column":33},"end":{"line":47,"column":37}}]},"3":{"line":61,"type":"if","locations":[{"start":{"line":61,"column":2},"end":{"line":61,"column":2}},{"start":{"line":61,"column":2},"end":{"line":61,"column":2}}]}}},"C:\\bb\\cov\\src\\query.js":{"path":"C:\\bb\\cov\\src\\query.js","s":{"1":1,"2":1,"3":1,"4":1,"5":1,"6":1,"7":0,"8":0,"9":0,"10":0,"11":0,"12":1},"b":{},"f":{},"fnMap":{},"statementMap":{"1":{"start":{"line":3,"column":0},"end":{"line":3,"column":31}},"2":{"start":{"line":4,"column":0},"end":{"line":4,"column":33}},"3":{"start":{"line":6,"column":0},"end":{"line":6,"column":16}},"4":{"start":{"line":8,"column":0},"end":{"line":11,"column":3}},"5":{"start":{"line":13,"column":0},"end":{"line":13,"column":15}},"6":{"start":{"line":15,"column":0},"end":{"line":26,"column":2}},"7":{"start":{"line":16,"column":2},"end":{"line":25,"column":5}},"8":{"start":{"line":17,"column":4},"end":{"line":24,"column":9}},"9":{"start":{"line":19,"column":8},"end":{"line":19,"column":25}},"10":{"start":{"line":20,"column":8},"end":{"line":20,"column":21}},"11":{"start":{"line":23,"column":8},"end":{"line":23,"column":20}},"12":{"start":{"line":28,"column":0},"end":{"line":31,"column":2}}},"branchMap":{}},"C:\\bb\\cov\\src\\helper.js":{"path":"C:\\bb\\cov\\src\\helper.js","s":{"1":1,"2":1,"3":1,"4":0,"5":1,"6":0,"7":1,"8":0,"9":1,"10":0,"11":0,"12":1},"b":{},"f":{},"fnMap":{},"statementMap":{"1":{"start":{"line":3,"column":0},"end":{"line":3,"column":33}},"2":{"start":{"line":4,"column":0},"end":{"line":4,"column":36}},"3":{"start":{"line":6,"column":0},"end":{"line":8,"column":2}},"4":{"start":{"line":7,"column":2},"end":{"line":7,"column":58}},"5":{"start":{"line":10,"column":0},"end":{"line":12,"column":2}},"6":{"start":{"line":11,"column":2},"end":{"line":11,"column":52}},"7":{"start":{"line":14,"column":0},"end":{"line":16,"column":2}},"8":{"start":{"line":15,"column":2},"end":{"line":15,"column":36}},"9":{"start":{"line":18,"column":0},"end":{"line":24,"column":2}},"10":{"start":{"line":19,"column":2},"end":{"line":22,"column":33}},"11":{"start":{"line":23,"column":2},"end":{"line":23,"column":15}},"12":{"start":{"line":26,"column":0},"end":{"line":31,"column":2}}},"branchMap":{}}}