TN:
SF:C:\bb\cov\server.js
FN:19,(anonymous_1)
FN:22,(anonymous_2)
FN:68,(anonymous_3)
FN:90,(anonymous_4)
FNF:4
FNH:0
FNDA:0,(anonymous_1)
FNDA:0,(anonymous_2)
FNDA:0,(anonymous_3)
FNDA:0,(anonymous_4)
DA:7,1
DA:8,1
DA:9,1
DA:10,1
DA:11,1
DA:12,1
DA:13,1
DA:14,1
DA:15,1
DA:18,1
DA:20,0
DA:23,0
DA:27,1
DA:32,1
DA:33,0
DA:34,0
DA:36,0
DA:39,1
DA:45,1
DA:47,1
DA:50,1
DA:51,1
DA:52,1
DA:53,1
DA:54,1
DA:55,1
DA:58,1
DA:59,0
DA:60,0
DA:61,0
DA:62,0
DA:63,0
DA:65,0
DA:68,1
DA:69,0
DA:73,1
DA:74,1
DA:75,1
DA:76,1
DA:77,1
DA:78,1
DA:79,1
DA:80,1
DA:82,1
DA:83,1
DA:84,1
DA:85,1
DA:86,1
DA:87,1
DA:88,1
DA:89,1
DA:90,0
DA:92,0
DA:97,1
DA:98,1
DA:100,1
LF:56
LH:42
BRDA:33,1,0,0
BRDA:33,1,1,0
BRDA:47,2,0,1
BRDA:47,2,1,1
BRDA:61,3,0,0
BRDA:61,3,1,0
BRF:6
BRH:2
end_of_record
TN:
SF:C:\bb\cov\src\query.js
FNF:0
FNH:0
DA:3,1
DA:4,1
DA:6,1
DA:8,1
DA:13,1
DA:15,1
DA:16,0
DA:17,0
DA:19,0
DA:20,0
DA:23,0
DA:28,1
LF:12
LH:7
BRF:0
BRH:0
end_of_record
TN:
SF:C:\bb\cov\src\helper.js
FNF:0
FNH:0
DA:3,1
DA:4,1
DA:6,1
DA:7,0
DA:10,1
DA:11,0
DA:14,1
DA:15,0
DA:18,1
DA:19,0
DA:23,0
DA:26,1
LF:12
LH:7
BRF:0
BRH:0
end_of_record
