TN:
SF:C:\bb\cov\server.js
FN:24,(anonymous_1)
FNF:1
FNH:0
FNDA:0,(anonymous_1)
DA:5,1
DA:6,1
DA:7,1
DA:8,1
DA:9,1
DA:10,1
DA:12,1
DA:14,1
DA:17,1
DA:18,1
DA:19,1
DA:21,1
DA:24,1
DA:25,0
DA:29,1
DA:30,1
DA:31,1
DA:32,1
DA:33,1
DA:34,1
DA:35,1
DA:36,1
DA:38,1
DA:39,1
DA:40,1
DA:43,1
DA:44,1
DA:46,1
LF:28
LH:27
BRDA:14,1,0,1
BRDA:14,1,1,1
BRF:2
BRH:2
end_of_record
TN:
SF:C:\bb\cov\src\query.js
FNF:0
FNH:0
DA:2,1
DA:3,1
DA:5,1
DA:7,1
DA:12,1
DA:14,1
DA:15,0
DA:16,0
DA:18,0
DA:21,0
DA:26,1
LF:11
LH:7
BRF:0
BRH:0
end_of_record
TN:
SF:C:\bb\cov\src\helper.js
FNF:0
FNH:0
DA:3,1
DA:4,1
DA:6,1
DA:7,0
DA:10,1
DA:11,0
DA:14,1
DA:15,0
DA:18,1
DA:19,0
DA:23,0
DA:26,1
LF:12
LH:7
BRF:0
BRH:0
end_of_record
